<?xml version="1.0" encoding="UTF-8"?>
<!-- Generated by org.testng.reporters.JUnitReportReporter -->
<testsuite hostname="DN13796" name="com.automation.tests.LoginPageTest" tests="2" failures="0" timestamp="25 Dec 2017 00:03:48 GMT" time="64.906" errors="0">
  <testcase name="verifyEmailReceived" time="33.333" classname="com.automation.tests.LoginPageTest"/>
  <testcase name="sendingEmailTest" time="31.573" classname="com.automation.tests.LoginPageTest"/>
</testsuite> <!-- com.automation.tests.LoginPageTest -->
