<?xml version="1.0" encoding="UTF-8"?>
<!-- Generated by org.testng.reporters.JUnitReportReporter -->
<testsuite skipped="0" hostname="LAPTOP-E8BQ84FL" name="com.automation.tests.LoginPageTest" tests="2" failures="0" timestamp="20 Dec 2017 20:23:09 GMT" time="93.378" errors="0">
  <testcase name="sendingEmailTest" time="45.855" classname="com.automation.tests.LoginPageTest"/>
  <testcase name="verifyEmailReceived" time="47.523" classname="com.automation.tests.LoginPageTest"/>
</testsuite> <!-- com.automation.tests.LoginPageTest -->
